<?xml version="1.0" encoding="UTF-8"?>
<testsuite xmlns:xsi="http://www.w3.org/2001/XMLSchema-instance" xsi:noNamespaceSchemaLocation="https://maven.apache.org/surefire/maven-surefire-plugin/xsd/surefire-test-report.xsd" version="3.0.2" name="com.market.order.infrastructure.messaging.OutboxKafkaIntegrationTests" time="6.662" tests="1" errors="0" skipped="0" failures="0" flakes="0">
  <properties>
[...]
</properties>
  <testcase name="shouldPublishOrderCreatedAndMarkOutboxAsPublished" classname="com.market.order.infrastructure.messaging.OutboxKafkaIntegrationTests" time="1.819">
    <system-out><![CDATA[2026-08-20T15:17:52.159-03:00  INFO 999183 --- [order] [           main] t.c.s.AnnotationConfigContextLoaderUtils : Could not detect default configuration classes for test class [com.market.order.infrastructure.messaging.OutboxKafkaIntegrationTests]: OutboxKafkaIntegrationTests does not declare any static, non-private, non-final, nested classes annotated with @Configuration.
2026-08-20T15:17:52.184-03:00  INFO 999183 --- [order] [           main] .b.t.c.SpringBootTestContextBootstrapper : Found @SpringBootConfiguration com.market.order.OrderApplication for test class com.market.order.infrastructure.messaging.OutboxKafkaIntegrationTests
2026-08-20T15:17:52.186-03:00  INFO 999183 --- [order] [           main] t.c.s.AnnotationConfigContextLoaderUtils : Could not detect default configuration classes for test class [com.market.order.infrastructure.messaging.OutboxKafkaIntegrationTests]: OutboxKafkaIntegrationTests does not declare any static, non-private, non-final, nested classes annotated with @Configuration.
2026-08-20T15:17:52.202-03:00  INFO 999183 --- [order] [           main] .b.t.c.SpringBootTestContextBootstrapper : Found @SpringBootConfiguration com.market.order.OrderApplication for test class com.market.order.infrastructure.messaging.OutboxKafkaIntegrationTests
2026-08-20T15:17:52.205-03:00  INFO 999183 --- [order] [           main] tc.apache/kafka-native:3.8.0             : Creating container for image: apache/kafka-native:3.8.0
2026-08-20T15:17:52.312-03:00  INFO 999183 --- [order] [           main] tc.apache/kafka-native:3.8.0             : Container apache/kafka-native:3.8.0 is starting: 905fd9cbe3cb2019229815b1c4d16e2fc6c7a4bd2a764385652fe8410e5700af
2026-08-20T15:17:53.042-03:00  INFO 999183 --- [order] [           main] tc.apache/kafka-native:3.8.0             : Container apache/kafka-native:3.8.0 started in PT0.837471457S
2026-08-20T15:17:53.043-03:00  INFO 999183 --- [order] [           main] tc.postgres:17.10-alpine                 : Creating container for image: postgres:17.10-alpine
2026-08-20T15:17:53.146-03:00  INFO 999183 --- [order] [           main] tc.postgres:17.10-alpine                 : Container postgres:17.10-alpine is starting: 3bbf2f5d02ce4365ac78b74dc75128475e9ae32c04cca60ba8d936b350d38d83
2026-08-20T15:17:55.215-03:00  INFO 999183 --- [order] [           main] tc.postgres:17.10-alpine                 : Container postgres:17.10-alpine started in PT2.172134648S
2026-08-20T15:17:55.215-03:00  INFO 999183 --- [order] [           main] tc.postgres:17.10-alpine                 : Container is started (JDBC URL: jdbc:postgresql://localhost:32806/order_db?loggerLevel=OFF)

  .   ____          _            __ _ _
 /\\ / ___'_ __ _ _(_)_ __  __ _ \ \ \ \
( ( )\___ | '_ | '_| | '_ \/ _` | \ \ \ \
 \\/  ___)| |_)| | | | | || (_| |  ) ) ) )
  '  |____| .__|_| |_|_| |_\__, | / / / /
 =========|_|==============|___/=/_/_/_/

 :: Spring Boot ::                (v4.0.7)

2026-08-20T15:17:55.261-03:00  INFO 999183 --- [order] [           main] c.m.o.i.m.OutboxKafkaIntegrationTests    : Starting OutboxKafkaIntegrationTests using Java 21.0.11 with PID 999183 (started by wolf in /home/wolf/Documentos/desenvolvimento/market/order)
2026-08-20T15:17:55.261-03:00  INFO 999183 --- [order] [           main] c.m.o.i.m.OutboxKafkaIntegrationTests    : No active profile set, falling back to 1 default profile: "default"
2026-08-20T15:17:55.504-03:00  INFO 999183 --- [order] [           main] .s.d.r.c.RepositoryConfigurationDelegate : Bootstrapping Spring Data JPA repositories in DEFAULT mode.
2026-08-20T15:17:55.513-03:00  INFO 999183 --- [order] [           main] .s.d.r.c.RepositoryConfigurationDelegate : Finished Spring Data repository scanning in 7 ms. Found 1 JPA repository interface.
2026-08-20T15:17:55.689-03:00  INFO 999183 --- [order] [           main] org.flywaydb.core.FlywayExecutor         : Database: jdbc:postgresql://localhost:32806/order_db?loggerLevel=OFF (PostgreSQL 17.10)
2026-08-20T15:17:55.706-03:00  INFO 999183 --- [order] [           main] o.f.c.i.s.JdbcTableSchemaHistory         : Schema history table "public"."flyway_schema_history" does not exist yet
2026-08-20T15:17:55.706-03:00  INFO 999183 --- [order] [           main] o.f.core.internal.command.DbValidate     : Successfully validated 4 migrations (execution time 00:00.004s)
2026-08-20T15:17:55.717-03:00  INFO 999183 --- [order] [           main] o.f.c.i.s.JdbcTableSchemaHistory         : Creating Schema History table "public"."flyway_schema_history" ...
2026-08-20T15:17:55.761-03:00  INFO 999183 --- [order] [           main] o.f.core.internal.command.DbMigrate      : Current version of schema "public": << Empty Schema >>
2026-08-20T15:17:55.769-03:00  INFO 999183 --- [order] [           main] o.f.core.internal.command.DbMigrate      : Migrating schema "public" to version "1 - create orders and order items"
2026-08-20T15:17:55.824-03:00  INFO 999183 --- [order] [           main] o.f.core.internal.command.DbMigrate      : Migrating schema "public" to version "2 - insert sample order"
2026-08-20T15:17:55.853-03:00  INFO 999183 --- [order] [           main] o.f.core.internal.command.DbMigrate      : Migrating schema "public" to version "3 - support order creation and outbox"
2026-08-20T15:17:55.876-03:00  INFO 999183 --- [order] [           main] o.f.core.internal.command.DbMigrate      : Migrating schema "public" to version "4 - add outbox publishing retry"
2026-08-20T15:17:55.890-03:00  INFO 999183 --- [order] [           main] o.f.core.internal.command.DbMigrate      : Successfully applied 4 migrations to schema "public", now at version v4 (execution time 00:00.074s)
2026-08-20T15:17:55.926-03:00  INFO 999183 --- [order] [           main] org.hibernate.orm.jpa                    : HHH008540: Processing PersistenceUnitInfo [name: default]
2026-08-20T15:17:55.956-03:00  INFO 999183 --- [order] [           main] o.s.o.j.p.SpringPersistenceUnitInfo      : No LoadTimeWeaver setup: ignoring JPA class transformer
2026-08-20T15:17:55.957-03:00  INFO 999183 --- [order] [           main] com.zaxxer.hikari.HikariDataSource       : HikariPool-2 - Starting...
2026-08-20T15:17:55.971-03:00  INFO 999183 --- [order] [           main] com.zaxxer.hikari.pool.HikariPool        : HikariPool-2 - Added connection org.postgresql.jdbc.PgConnection@2ab0114a
2026-08-20T15:17:55.971-03:00  INFO 999183 --- [order] [           main] com.zaxxer.hikari.HikariDataSource       : HikariPool-2 - Start completed.
2026-08-20T15:17:55.978-03:00  INFO 999183 --- [order] [           main] org.hibernate.orm.connections.pooling    : HHH10001005: Database info:
	Database JDBC URL [jdbc:postgresql://localhost:32806/order_db?loggerLevel=OFF]
	Database driver: PostgreSQL JDBC Driver
	Database dialect: PostgreSQLDialect
	Database version: 17.10
	Default catalog/schema: order_db/public
	Autocommit mode: undefined/unknown
	Isolation level: READ_COMMITTED [default READ_COMMITTED]
	JDBC fetch size: none
	Pool: DataSourceConnectionProvider
	Minimum pool size: undefined/unknown
	Maximum pool size: undefined/unknown
2026-08-20T15:17:56.034-03:00  INFO 999183 --- [order] [           main] org.hibernate.orm.core                   : HHH000489: No JTA platform available (set 'hibernate.transaction.jta.platform' to enable JTA platform integration)
2026-08-20T15:17:56.068-03:00  INFO 999183 --- [order] [           main] j.LocalContainerEntityManagerFactoryBean : Initialized JPA EntityManagerFactory for persistence unit 'default'
2026-08-20T15:17:56.467-03:00  INFO 999183 --- [order] [           main] c.m.o.i.m.OutboxKafkaIntegrationTests    : Started OutboxKafkaIntegrationTests in 1.246 seconds (process running for 19.177)
2026-08-20T15:17:56.470-03:00  WARN 999183 --- [order] [           main] o.s.core.events.SpringDocAppInitializer  : SpringDoc /v3/api-docs endpoint is enabled by default. To disable it in production, set the property 'springdoc.api-docs.enabled=false'
2026-08-20T15:17:56.471-03:00  WARN 999183 --- [order] [           main] o.s.core.events.SpringDocAppInitializer  : SpringDoc /swagger-ui.html endpoint is enabled by default. To disable it in production, set the property 'springdoc.swagger-ui.enabled=false'
2026-08-20T15:17:56.545-03:00  INFO 999183 --- [order] [           main] o.a.kafka.common.config.AbstractConfig   : ProducerConfig values:
	acks = -1
	batch.size = 16384
	bootstrap.servers = [localhost:32805]
	buffer.memory = 33554432
	client.dns.lookup = use_all_dns_ips
	client.id = order-producer-1
	compression.gzip.level = -1
	compression.lz4.level = 9
	compression.type = none
	compression.zstd.level = 3
	connections.max.idle.ms = 540000
	delivery.timeout.ms = 120000
	enable.idempotence = true
	enable.metrics.push = true
	interceptor.classes = []
	key.serializer = class org.apache.kafka.common.serialization.StringSerializer
	linger.ms = 5
	max.block.ms = 60000
	max.in.flight.requests.per.connection = 5
	max.request.size = 1048576
	metadata.max.age.ms = 300000
	metadata.max.idle.ms = 300000
	metadata.recovery.rebootstrap.trigger.ms = 300000
	metadata.recovery.strategy = rebootstrap
	metric.reporters = [org.apache.kafka.common.metrics.JmxReporter]
	metrics.num.samples = 2
	metrics.recording.level = INFO
	metrics.sample.window.ms = 30000
	partitioner.adaptive.partitioning.enable = true
	partitioner.availability.timeout.ms = 0
	partitioner.class = null
	partitioner.ignore.keys = false
	receive.buffer.bytes = 32768
	reconnect.backoff.max.ms = 1000
	reconnect.backoff.ms = 50
	request.timeout.ms = 30000
	retries = 2147483647
	retry.backoff.max.ms = 1000
	retry.backoff.ms = 100
	sasl.client.callback.handler.class = null
	sasl.jaas.config = null
	sasl.kerberos.kinit.cmd = /usr/bin/kinit
	sasl.kerberos.min.time.before.relogin = 60000
	sasl.kerberos.service.name = null
	sasl.kerberos.ticket.renew.jitter = 0.05
	sasl.kerberos.ticket.renew.window.factor = 0.8
	sasl.login.callback.handler.class = null
	sasl.login.class = null
	sasl.login.connect.timeout.ms = null
	sasl.login.read.timeout.ms = null
	sasl.login.refresh.buffer.seconds = 300
	sasl.login.refresh.min.period.seconds = 60
	sasl.login.refresh.window.factor = 0.8
	sasl.login.refresh.window.jitter = 0.05
	sasl.login.retry.backoff.max.ms = 10000
	sasl.login.retry.backoff.ms = 100
	sasl.mechanism = GSSAPI
	sasl.oauthbearer.assertion.algorithm = RS256
	sasl.oauthbearer.assertion.claim.aud = null
	sasl.oauthbearer.assertion.claim.exp.seconds = 300
	sasl.oauthbearer.assertion.claim.iss = null
	sasl.oauthbearer.assertion.claim.jti.include = false
	sasl.oauthbearer.assertion.claim.nbf.seconds = 60
	sasl.oauthbearer.assertion.claim.sub = null
	sasl.oauthbearer.assertion.file = null
	sasl.oauthbearer.assertion.private.key.file = null
	sasl.oauthbearer.assertion.private.key.passphrase = null
	sasl.oauthbearer.assertion.template.file = null
	sasl.oauthbearer.client.credentials.client.id = null
	sasl.oauthbearer.client.credentials.client.secret = null
	sasl.oauthbearer.clock.skew.seconds = 30
	sasl.oauthbearer.expected.audience = null
	sasl.oauthbearer.expected.issuer = null
	sasl.oauthbearer.header.urlencode = false
	sasl.oauthbearer.jwks.endpoint.refresh.ms = 3600000
	sasl.oauthbearer.jwks.endpoint.retry.backoff.max.ms = 10000
	sasl.oauthbearer.jwks.endpoint.retry.backoff.ms = 100
	sasl.oauthbearer.jwks.endpoint.url = null
	sasl.oauthbearer.jwt.retriever.class = class org.apache.kafka.common.security.oauthbearer.DefaultJwtRetriever
	sasl.oauthbearer.jwt.validator.class = class org.apache.kafka.common.security.oauthbearer.DefaultJwtValidator
	sasl.oauthbearer.scope = null
	sasl.oauthbearer.scope.claim.name = scope
	sasl.oauthbearer.sub.claim.name = sub
	sasl.oauthbearer.token.endpoint.url = null
	security.protocol = PLAINTEXT
	security.providers = null
	send.buffer.bytes = 131072
	socket.connection.setup.timeout.max.ms = 30000
	socket.connection.setup.timeout.ms = 10000
	ssl.cipher.suites = null
	ssl.enabled.protocols = [TLSv1.2, TLSv1.3]
	ssl.endpoint.identification.algorithm = https
	ssl.engine.factory.class = null
	ssl.key.password = null
	ssl.keymanager.algorithm = SunX509
	ssl.keystore.certificate.chain = null
	ssl.keystore.key = null
	ssl.keystore.location = null
	ssl.keystore.password = null
	ssl.keystore.type = JKS
	ssl.protocol = TLSv1.3
	ssl.provider = null
	ssl.secure.random.implementation = null
	ssl.trustmanager.algorithm = PKIX
	ssl.truststore.certificates = null
	ssl.truststore.location = null
	ssl.truststore.password = null
	ssl.truststore.type = JKS
	transaction.timeout.ms = 60000
	transaction.two.phase.commit.enable = false
	transactional.id = null
	value.serializer = class org.apache.kafka.common.serialization.StringSerializer

2026-08-20T15:17:56.582-03:00  INFO 999183 --- [order] [           main] o.a.k.c.t.i.KafkaMetricsCollector        : initializing Kafka metrics collector
2026-08-20T15:17:56.715-03:00  INFO 999183 --- [order] [           main] o.a.k.clients.producer.KafkaProducer     : [Producer clientId=order-producer-1] Instantiated an idempotent producer.
2026-08-20T15:17:56.787-03:00  INFO 999183 --- [order] [           main] o.a.kafka.common.utils.AppInfoParser     : Kafka version: 4.1.2
2026-08-20T15:17:56.787-03:00  INFO 999183 --- [order] [           main] o.a.kafka.common.utils.AppInfoParser     : Kafka commitId: c82fd9b934b4c1e6
2026-08-20T15:17:56.787-03:00  INFO 999183 --- [order] [           main] o.a.kafka.common.utils.AppInfoParser     : Kafka startTimeMs: 1787249876785
2026-08-20T15:17:57.319-03:00  WARN 999183 --- [order] [rder-producer-1] org.apache.kafka.clients.NetworkClient   : [Producer clientId=order-producer-1] The metadata response from the cluster reported a recoverable issue with correlation id 2 : {market.order.events.created.v1=UNKNOWN_TOPIC_OR_PARTITION}
2026-08-20T15:17:57.323-03:00  INFO 999183 --- [order] [rder-producer-1] org.apache.kafka.clients.Metadata        : [Producer clientId=order-producer-1] Cluster ID: 4L6g3nShT-eMCtK--X86sw
2026-08-20T15:17:57.446-03:00  INFO 999183 --- [order] [rder-producer-1] o.a.k.c.p.internals.TransactionManager   : [Producer clientId=order-producer-1] ProducerId set to 0 with epoch 0
2026-08-20T15:17:57.481-03:00  INFO 999183 --- [order] [           main] c.m.o.i.m.TransactionalOutboxPublisher   : Published outbox event id=c89a3b46-165e-4e3e-a598-bdcd6b9f7c35 type=OrderCreated aggregateId=f7faf883-d2b6-49aa-9542-e4f982fb7d73
2026-08-20T15:17:57.493-03:00  INFO 999183 --- [order] [           main] o.a.kafka.common.config.AbstractConfig   : ConsumerConfig values:
	allow.auto.create.topics = true
	auto.commit.interval.ms = 5000
	auto.offset.reset = earliest
	bootstrap.servers = [localhost:32805]
	check.crcs = true
	client.dns.lookup = use_all_dns_ips
	client.id = consumer-order-outbox-integration-232a624f-95b6-4bcb-8944-ac8b2adbd0f0-1
	client.rack = 
	connections.max.idle.ms = 540000
	default.api.timeout.ms = 60000
	enable.auto.commit = true
	enable.metrics.push = true
	exclude.internal.topics = true
	fetch.max.bytes = 52428800
	fetch.max.wait.ms = 500
	fetch.min.bytes = 1
	group.id = order-outbox-integration-232a624f-95b6-4bcb-8944-ac8b2adbd0f0
	group.instance.id = null
	group.protocol = classic
	group.remote.assignor = null
	heartbeat.interval.ms = 3000
	interceptor.classes = []
	internal.leave.group.on.close = true
	internal.throw.on.fetch.stable.offset.unsupported = false
	isolation.level = read_uncommitted
	key.deserializer = class org.apache.kafka.common.serialization.StringDeserializer
	max.partition.fetch.bytes = 1048576
	max.poll.interval.ms = 300000
	max.poll.records = 500
	metadata.max.age.ms = 300000
	metadata.recovery.rebootstrap.trigger.ms = 300000
	metadata.recovery.strategy = rebootstrap
	metric.reporters = [org.apache.kafka.common.metrics.JmxReporter]
	metrics.num.samples = 2
	metrics.recording.level = INFO
	metrics.sample.window.ms = 30000
	partition.assignment.strategy = [class org.apache.kafka.clients.consumer.RangeAssignor, class org.apache.kafka.clients.consumer.CooperativeStickyAssignor]
	receive.buffer.bytes = 65536
	reconnect.backoff.max.ms = 1000
	reconnect.backoff.ms = 50
	request.timeout.ms = 30000
	retry.backoff.max.ms = 1000
	retry.backoff.ms = 100
	sasl.client.callback.handler.class = null
	sasl.jaas.config = null
	sasl.kerberos.kinit.cmd = /usr/bin/kinit
	sasl.kerberos.min.time.before.relogin = 60000
	sasl.kerberos.service.name = null
	sasl.kerberos.ticket.renew.jitter = 0.05
	sasl.kerberos.ticket.renew.window.factor = 0.8
	sasl.login.callback.handler.class = null
	sasl.login.class = null
	sasl.login.connect.timeout.ms = null
	sasl.login.read.timeout.ms = null
	sasl.login.refresh.buffer.seconds = 300
	sasl.login.refresh.min.period.seconds = 60
	sasl.login.refresh.window.factor = 0.8
	sasl.login.refresh.window.jitter = 0.05
	sasl.login.retry.backoff.max.ms = 10000
	sasl.login.retry.backoff.ms = 100
	sasl.mechanism = GSSAPI
	sasl.oauthbearer.assertion.algorithm = RS256
	sasl.oauthbearer.assertion.claim.aud = null
	sasl.oauthbearer.assertion.claim.exp.seconds = 300
	sasl.oauthbearer.assertion.claim.iss = null
	sasl.oauthbearer.assertion.claim.jti.include = false
	sasl.oauthbearer.assertion.claim.nbf.seconds = 60
	sasl.oauthbearer.assertion.claim.sub = null
	sasl.oauthbearer.assertion.file = null
	sasl.oauthbearer.assertion.private.key.file = null
	sasl.oauthbearer.assertion.private.key.passphrase = null
	sasl.oauthbearer.assertion.template.file = null
	sasl.oauthbearer.client.credentials.client.id = null
	sasl.oauthbearer.client.credentials.client.secret = null
	sasl.oauthbearer.clock.skew.seconds = 30
	sasl.oauthbearer.expected.audience = null
	sasl.oauthbearer.expected.issuer = null
	sasl.oauthbearer.header.urlencode = false
	sasl.oauthbearer.jwks.endpoint.refresh.ms = 3600000
	sasl.oauthbearer.jwks.endpoint.retry.backoff.max.ms = 10000
	sasl.oauthbearer.jwks.endpoint.retry.backoff.ms = 100
	sasl.oauthbearer.jwks.endpoint.url = null
	sasl.oauthbearer.jwt.retriever.class = class org.apache.kafka.common.security.oauthbearer.DefaultJwtRetriever
	sasl.oauthbearer.jwt.validator.class = class org.apache.kafka.common.security.oauthbearer.DefaultJwtValidator
	sasl.oauthbearer.scope = null
	sasl.oauthbearer.scope.claim.name = scope
	sasl.oauthbearer.sub.claim.name = sub
	sasl.oauthbearer.token.endpoint.url = null
	security.protocol = PLAINTEXT
	security.providers = null
	send.buffer.bytes = 131072
	session.timeout.ms = 45000
	share.acknowledgement.mode = implicit
	socket.connection.setup.timeout.max.ms = 30000
	socket.connection.setup.timeout.ms = 10000
	ssl.cipher.suites = null
	ssl.enabled.protocols = [TLSv1.2, TLSv1.3]
	ssl.endpoint.identification.algorithm = https
	ssl.engine.factory.class = null
	ssl.key.password = null
	ssl.keymanager.algorithm = SunX509
	ssl.keystore.certificate.chain = null
	ssl.keystore.key = null
	ssl.keystore.location = null
	ssl.keystore.password = null
	ssl.keystore.type = JKS
	ssl.protocol = TLSv1.3
	ssl.provider = null
	ssl.secure.random.implementation = null
	ssl.trustmanager.algorithm = PKIX
	ssl.truststore.certificates = null
	ssl.truststore.location = null
	ssl.truststore.password = null
	ssl.truststore.type = JKS
	value.deserializer = class org.apache.kafka.common.serialization.StringDeserializer

2026-08-20T15:17:57.508-03:00  INFO 999183 --- [order] [           main] o.a.k.c.t.i.KafkaMetricsCollector        : initializing Kafka metrics collector
2026-08-20T15:17:57.571-03:00  INFO 999183 --- [order] [           main] o.a.kafka.common.utils.AppInfoParser     : Kafka version: 4.1.2
2026-08-20T15:17:57.572-03:00  INFO 999183 --- [order] [           main] o.a.kafka.common.utils.AppInfoParser     : Kafka commitId: c82fd9b934b4c1e6
2026-08-20T15:17:57.572-03:00  INFO 999183 --- [order] [           main] o.a.kafka.common.utils.AppInfoParser     : Kafka startTimeMs: 1787249877571
2026-08-20T15:17:57.573-03:00  INFO 999183 --- [order] [           main] o.a.k.c.c.i.ClassicKafkaConsumer         : [Consumer clientId=consumer-order-outbox-integration-232a624f-95b6-4bcb-8944-ac8b2adbd0f0-1, groupId=order-outbox-integration-232a624f-95b6-4bcb-8944-ac8b2adbd0f0] Subscribed to topic(s): market.order.events.created.v1
2026-08-20T15:17:57.584-03:00  INFO 999183 --- [order] [           main] org.apache.kafka.clients.Metadata        : [Consumer clientId=consumer-order-outbox-integration-232a624f-95b6-4bcb-8944-ac8b2adbd0f0-1, groupId=order-outbox-integration-232a624f-95b6-4bcb-8944-ac8b2adbd0f0] Cluster ID: 4L6g3nShT-eMCtK--X86sw
2026-08-20T15:17:57.707-03:00  INFO 999183 --- [order] [           main] o.a.k.c.c.internals.ConsumerCoordinator  : [Consumer clientId=consumer-order-outbox-integration-232a624f-95b6-4bcb-8944-ac8b2adbd0f0-1, groupId=order-outbox-integration-232a624f-95b6-4bcb-8944-ac8b2adbd0f0] Discovered group coordinator localhost:32805 (id: 2147483646 rack: null isFenced: false)
2026-08-20T15:17:57.712-03:00  INFO 999183 --- [order] [           main] o.a.k.c.c.internals.ConsumerCoordinator  : [Consumer clientId=consumer-order-outbox-integration-232a624f-95b6-4bcb-8944-ac8b2adbd0f0-1, groupId=order-outbox-integration-232a624f-95b6-4bcb-8944-ac8b2adbd0f0] (Re-)joining group
2026-08-20T15:17:57.726-03:00  INFO 999183 --- [order] [           main] o.a.k.c.c.internals.ConsumerCoordinator  : [Consumer clientId=consumer-order-outbox-integration-232a624f-95b6-4bcb-8944-ac8b2adbd0f0-1, groupId=order-outbox-integration-232a624f-95b6-4bcb-8944-ac8b2adbd0f0] Request joining group due to: need to re-join with the given member-id: consumer-order-outbox-integration-232a624f-95b6-4bcb-8944-ac8b2adbd0f0-1-1ad6dff5-a6da-42a3-b287-b17195b5bd1c
2026-08-20T15:17:57.727-03:00  INFO 999183 --- [order] [           main] o.a.k.c.c.internals.ConsumerCoordinator  : [Consumer clientId=consumer-order-outbox-integration-232a624f-95b6-4bcb-8944-ac8b2adbd0f0-1, groupId=order-outbox-integration-232a624f-95b6-4bcb-8944-ac8b2adbd0f0] (Re-)joining group
2026-08-20T15:17:57.730-03:00  INFO 999183 --- [order] [           main] o.a.k.c.c.internals.ConsumerCoordinator  : [Consumer clientId=consumer-order-outbox-integration-232a624f-95b6-4bcb-8944-ac8b2adbd0f0-1, groupId=order-outbox-integration-232a624f-95b6-4bcb-8944-ac8b2adbd0f0] Successfully joined group with generation Generation{generationId=1, memberId='consumer-order-outbox-integration-232a624f-95b6-4bcb-8944-ac8b2adbd0f0-1-1ad6dff5-a6da-42a3-b287-b17195b5bd1c', protocol='range'}
2026-08-20T15:17:57.737-03:00  INFO 999183 --- [order] [           main] o.a.k.c.c.internals.ConsumerCoordinator  : [Consumer clientId=consumer-order-outbox-integration-232a624f-95b6-4bcb-8944-ac8b2adbd0f0-1, groupId=order-outbox-integration-232a624f-95b6-4bcb-8944-ac8b2adbd0f0] Finished assignment for group at generation 1: {consumer-order-outbox-integration-232a624f-95b6-4bcb-8944-ac8b2adbd0f0-1-1ad6dff5-a6da-42a3-b287-b17195b5bd1c=Assignment(partitions=[market.order.events.created.v1-0])}
2026-08-20T15:17:57.742-03:00  INFO 999183 --- [order] [           main] o.a.k.c.c.internals.ConsumerCoordinator  : [Consumer clientId=consumer-order-outbox-integration-232a624f-95b6-4bcb-8944-ac8b2adbd0f0-1, groupId=order-outbox-integration-232a624f-95b6-4bcb-8944-ac8b2adbd0f0] Successfully synced group in generation Generation{generationId=1, memberId='consumer-order-outbox-integration-232a624f-95b6-4bcb-8944-ac8b2adbd0f0-1-1ad6dff5-a6da-42a3-b287-b17195b5bd1c', protocol='range'}
2026-08-20T15:17:57.742-03:00  INFO 999183 --- [order] [           main] o.a.k.c.c.internals.ConsumerCoordinator  : [Consumer clientId=consumer-order-outbox-integration-232a624f-95b6-4bcb-8944-ac8b2adbd0f0-1, groupId=order-outbox-integration-232a624f-95b6-4bcb-8944-ac8b2adbd0f0] Notifying assignor about the new Assignment(partitions=[market.order.events.created.v1-0])
2026-08-20T15:17:57.744-03:00  INFO 999183 --- [order] [           main] k.c.c.i.ConsumerRebalanceListenerInvoker : [Consumer clientId=consumer-order-outbox-integration-232a624f-95b6-4bcb-8944-ac8b2adbd0f0-1, groupId=order-outbox-integration-232a624f-95b6-4bcb-8944-ac8b2adbd0f0] Adding newly assigned partitions: [market.order.events.created.v1-0]
2026-08-20T15:17:57.753-03:00  INFO 999183 --- [order] [           main] o.a.k.c.c.internals.ConsumerCoordinator  : [Consumer clientId=consumer-order-outbox-integration-232a624f-95b6-4bcb-8944-ac8b2adbd0f0-1, groupId=order-outbox-integration-232a624f-95b6-4bcb-8944-ac8b2adbd0f0] Found no committed offset for partition market.order.events.created.v1-0
2026-08-20T15:17:57.763-03:00  INFO 999183 --- [order] [           main] o.a.k.c.c.internals.SubscriptionState    : [Consumer clientId=consumer-order-outbox-integration-232a624f-95b6-4bcb-8944-ac8b2adbd0f0-1, groupId=order-outbox-integration-232a624f-95b6-4bcb-8944-ac8b2adbd0f0] Resetting offset for partition market.order.events.created.v1-0 to position FetchPosition{offset=0, offsetEpoch=Optional.empty, currentLeader=LeaderAndEpoch{leader=Optional[localhost:32805 (id: 1 rack: null isFenced: false)], epoch=0}}.
2026-08-20T15:17:57.791-03:00  INFO 999183 --- [order] [           main] k.c.c.i.ConsumerRebalanceListenerInvoker : [Consumer clientId=consumer-order-outbox-integration-232a624f-95b6-4bcb-8944-ac8b2adbd0f0-1, groupId=order-outbox-integration-232a624f-95b6-4bcb-8944-ac8b2adbd0f0] Revoke previously assigned partitions [market.order.events.created.v1-0]
2026-08-20T15:17:57.791-03:00  INFO 999183 --- [order] [           main] o.a.k.c.c.internals.ConsumerCoordinator  : [Consumer clientId=consumer-order-outbox-integration-232a624f-95b6-4bcb-8944-ac8b2adbd0f0-1, groupId=order-outbox-integration-232a624f-95b6-4bcb-8944-ac8b2adbd0f0] Member consumer-order-outbox-integration-232a624f-95b6-4bcb-8944-ac8b2adbd0f0-1-1ad6dff5-a6da-42a3-b287-b17195b5bd1c sending LeaveGroup request to coordinator localhost:32805 (id: 2147483646 rack: null isFenced: false) due to the consumer is being closed
2026-08-20T15:17:57.792-03:00  INFO 999183 --- [order] [           main] o.a.k.c.c.internals.ConsumerCoordinator  : [Consumer clientId=consumer-order-outbox-integration-232a624f-95b6-4bcb-8944-ac8b2adbd0f0-1, groupId=order-outbox-integration-232a624f-95b6-4bcb-8944-ac8b2adbd0f0] Resetting generation and member id due to: consumer pro-actively leaving the group
2026-08-20T15:17:57.792-03:00  INFO 999183 --- [order] [           main] o.a.k.c.c.internals.ConsumerCoordinator  : [Consumer clientId=consumer-order-outbox-integration-232a624f-95b6-4bcb-8944-ac8b2adbd0f0-1, groupId=order-outbox-integration-232a624f-95b6-4bcb-8944-ac8b2adbd0f0] Request joining group due to: consumer pro-actively leaving the group
2026-08-20T15:17:58.284-03:00  INFO 999183 --- [order] [           main] o.apache.kafka.common.metrics.Metrics    : Metrics scheduler closed
2026-08-20T15:17:58.284-03:00  INFO 999183 --- [order] [           main] o.apache.kafka.common.metrics.Metrics    : Closing reporter org.apache.kafka.common.metrics.JmxReporter
2026-08-20T15:17:58.285-03:00  INFO 999183 --- [order] [           main] o.apache.kafka.common.metrics.Metrics    : Closing reporter org.apache.kafka.common.telemetry.internals.ClientTelemetryReporter
2026-08-20T15:17:58.285-03:00  INFO 999183 --- [order] [           main] o.apache.kafka.common.metrics.Metrics    : Metrics reporters closed
2026-08-20T15:17:58.292-03:00  INFO 999183 --- [order] [           main] o.a.kafka.common.utils.AppInfoParser     : App info kafka.consumer for consumer-order-outbox-integration-232a624f-95b6-4bcb-8944-ac8b2adbd0f0-1 unregistered
]]></system-out>
  </testcase>
</testsuite>
