<?xml version="1.0" encoding="UTF-8"?>
<testsuite xmlns:xsi="http://www.w3.org/2001/XMLSchema-instance" xsi:noNamespaceSchemaLocation="https://maven.apache.org/surefire/maven-surefire-plugin/xsd/surefire-test-report.xsd" version="3.0.2" name="com.market.order.interfaces.rest.OrderControllerTest" time="0.423" tests="5" errors="0" skipped="0" failures="0" flakes="0">
  <properties>
[...]
</properties>
  <testcase name="shouldReturnNotFoundWhenOrderDoesNotExist" classname="com.market.order.interfaces.rest.OrderControllerTest" time="0.037">
    <system-out><![CDATA[2026-08-19T21:49:55.619-03:00  INFO 688422 --- [order] [           main] o.s.mock.web.MockServletContext          : Initializing Spring TestDispatcherServlet ''
2026-08-19T21:49:55.619-03:00  INFO 688422 --- [order] [           main] o.s.t.web.servlet.TestDispatcherServlet  : Initializing Servlet ''
2026-08-19T21:49:55.620-03:00  INFO 688422 --- [order] [           main] o.s.t.web.servlet.TestDispatcherServlet  : Completed initialization in 1 ms
]]></system-out>
  </testcase>
  <testcase name="shouldCreateOrderWithoutProductNameOrPrice" classname="com.market.order.interfaces.rest.OrderControllerTest" time="0.133">
    <system-out><![CDATA[2026-08-19T21:49:55.651-03:00  INFO 688422 --- [order] [           main] o.s.mock.web.MockServletContext          : Initializing Spring TestDispatcherServlet ''
2026-08-19T21:49:55.651-03:00  INFO 688422 --- [order] [           main] o.s.t.web.servlet.TestDispatcherServlet  : Initializing Servlet ''
2026-08-19T21:49:55.652-03:00  INFO 688422 --- [order] [           main] o.s.t.web.servlet.TestDispatcherServlet  : Completed initialization in 1 ms
]]></system-out>
  </testcase>
  <testcase name="shouldRejectCreationWithoutItems" classname="com.market.order.interfaces.rest.OrderControllerTest" time="0.037">
    <system-out><![CDATA[2026-08-19T21:49:55.775-03:00  INFO 688422 --- [order] [           main] o.s.mock.web.MockServletContext          : Initializing Spring TestDispatcherServlet ''
2026-08-19T21:49:55.776-03:00  INFO 688422 --- [order] [           main] o.s.t.web.servlet.TestDispatcherServlet  : Initializing Servlet ''
2026-08-19T21:49:55.776-03:00  INFO 688422 --- [order] [           main] o.s.t.web.servlet.TestDispatcherServlet  : Completed initialization in 0 ms
2026-08-19T21:49:55.805-03:00  WARN 688422 --- [order] [           main] .w.s.m.s.DefaultHandlerExceptionResolver : Resolved [org.springframework.web.bind.MethodArgumentNotValidException: Validation failed for argument [0] in public org.springframework.http.ResponseEntity<com.market.order.interfaces.rest.CreateOrderResponse> com.market.order.interfaces.rest.OrderController.create(com.market.order.interfaces.rest.CreateOrderRequest): [Field error in object 'createOrderRequest' on field 'items': rejected value [[]]; codes [NotEmpty.createOrderRequest.items,NotEmpty.items,NotEmpty.java.util.List,NotEmpty]; arguments [org.springframework.context.support.DefaultMessageSourceResolvable: codes [createOrderRequest.items,items]; arguments []; default message [items]]; default message [must not be empty]] ]
]]></system-out>
  </testcase>
  <testcase name="shouldReturnBadRequestForInvalidUuid" classname="com.market.order.interfaces.rest.OrderControllerTest" time="0.014">
    <system-out><![CDATA[2026-08-19T21:49:55.815-03:00  INFO 688422 --- [order] [           main] o.s.mock.web.MockServletContext          : Initializing Spring TestDispatcherServlet ''
2026-08-19T21:49:55.815-03:00  INFO 688422 --- [order] [           main] o.s.t.web.servlet.TestDispatcherServlet  : Initializing Servlet ''
2026-08-19T21:49:55.817-03:00  INFO 688422 --- [order] [           main] o.s.t.web.servlet.TestDispatcherServlet  : Completed initialization in 0 ms
2026-08-19T21:49:55.821-03:00  WARN 688422 --- [order] [           main] .w.s.m.s.DefaultHandlerExceptionResolver : Resolved [org.springframework.web.method.annotation.MethodArgumentTypeMismatchException: Method parameter 'orderId': Failed to convert value of type 'java.lang.String' to required type 'java.util.UUID'; Invalid UUID string: invalid-uuid]
]]></system-out>
  </testcase>
  <testcase name="shouldReturnPersistedOrderContract" classname="com.market.order.interfaces.rest.OrderControllerTest" time="0.028">
    <system-out><![CDATA[2026-08-19T21:49:55.833-03:00  INFO 688422 --- [order] [           main] o.s.mock.web.MockServletContext          : Initializing Spring TestDispatcherServlet ''
2026-08-19T21:49:55.833-03:00  INFO 688422 --- [order] [           main] o.s.t.web.servlet.TestDispatcherServlet  : Initializing Servlet ''
2026-08-19T21:49:55.834-03:00  INFO 688422 --- [order] [           main] o.s.t.web.servlet.TestDispatcherServlet  : Completed initialization in 1 ms
]]></system-out>
  </testcase>
</testsuite>