<?xml version="1.0" encoding="UTF-8"?>
<testsuite xmlns:xsi="http://www.w3.org/2001/XMLSchema-instance" xsi:noNamespaceSchemaLocation="https://maven.apache.org/surefire/maven-surefire-plugin/xsd/surefire-test-report.xsd" version="3.0.2" name="com.market.order.OrderApplicationTests" time="13.302" tests="6" errors="0" skipped="0" failures="0" flakes="0">
  <properties>
[...]
</properties>
  <testcase name="shouldReturnEmptyForUnknownOrder" classname="com.market.order.OrderApplicationTests" time="0.167">
    <system-out><![CDATA[21:49:42.444 [main] INFO org.springframework.test.context.support.AnnotationConfigContextLoaderUtils -- Could not detect default configuration classes for test class [com.market.order.OrderApplicationTests]: OrderApplicationTests does not declare any static, non-private, non-final, nested classes annotated with @Configuration.
21:49:42.578 [main] INFO org.testcontainers.images.PullPolicy -- Image pull policy will be performed by: DefaultPullPolicy()
21:49:42.582 [main] INFO org.testcontainers.utility.ImageNameSubstitutor -- Image name substitution will be performed by: DefaultImageNameSubstitutor (composite of 'ConfigurationFileImageNameSubstitutor' and 'PrefixingImageNameSubstitutor')
21:49:42.603 [main] INFO org.testcontainers.DockerClientFactory -- Testcontainers version: 2.0.5
21:49:42.921 [main] INFO org.testcontainers.dockerclient.DockerClientProviderStrategy -- Loaded org.testcontainers.dockerclient.UnixSocketClientProviderStrategy from ~/.testcontainers.properties, will try it first
21:49:43.683 [main] INFO org.testcontainers.dockerclient.DockerClientProviderStrategy -- Found Docker environment with local Unix socket (unix:///var/run/docker.sock)
21:49:43.685 [main] INFO org.testcontainers.DockerClientFactory -- Docker host IP address is localhost
21:49:43.707 [main] INFO org.testcontainers.DockerClientFactory -- Connected to docker: 
  Server Version: 29.7.2
  API Version: 1.55
  Operating System: Ubuntu 26.04 LTS
  Total Memory: 15354 MB
21:49:43.839 [main] INFO tc.testcontainers/ryuk:0.14.0 -- Creating container for image: testcontainers/ryuk:0.14.0
21:49:43.844 [main] INFO org.testcontainers.utility.RegistryAuthLocator -- Failure when attempting to lookup auth config. Please ignore if you don't have images in an authenticated registry. Details: (dockerImageName: testcontainers/ryuk:0.14.0, configFile: /home/wolf/.docker/config.json, configEnv: DOCKER_AUTH_CONFIG). Falling back to docker-java default behaviour. Exception message: Status 404: No config supplied. Checked in order: /home/wolf/.docker/config.json (file not found), DOCKER_AUTH_CONFIG (not set)
21:49:44.180 [main] INFO tc.testcontainers/ryuk:0.14.0 -- Container testcontainers/ryuk:0.14.0 is starting: 38d1c8e93629fe9fb10d80eb6b73236c58291b03bb57847baa6057ec076db8f2
21:49:44.665 [main] INFO tc.testcontainers/ryuk:0.14.0 -- Container testcontainers/ryuk:0.14.0 started in PT0.825413282S
21:49:44.672 [main] INFO org.testcontainers.utility.RyukResourceReaper -- Ryuk started - will monitor and terminate Testcontainers containers on JVM exit
21:49:44.672 [main] INFO org.testcontainers.DockerClientFactory -- Checking the system...
21:49:44.673 [main] INFO org.testcontainers.DockerClientFactory -- ✔︎ Docker server version should be at least 1.6.0
21:49:44.783 [main] INFO org.springframework.boot.test.context.SpringBootTestContextBootstrapper -- Found @SpringBootConfiguration com.market.order.OrderApplication for test class com.market.order.OrderApplicationTests
21:49:44.876 [main] INFO org.springframework.test.context.support.AnnotationConfigContextLoaderUtils -- Could not detect default configuration classes for test class [com.market.order.OrderApplicationTests]: OrderApplicationTests does not declare any static, non-private, non-final, nested classes annotated with @Configuration.
21:49:44.888 [main] INFO org.springframework.boot.test.context.SpringBootTestContextBootstrapper -- Found @SpringBootConfiguration com.market.order.OrderApplication for test class com.market.order.OrderApplicationTests
21:49:44.916 [main] INFO tc.postgres:17.10-alpine -- Creating container for image: postgres:17.10-alpine
21:49:45.001 [main] INFO tc.postgres:17.10-alpine -- Container postgres:17.10-alpine is starting: 17ae943ec89935e301b294e26e7b49ee76caa4deb6babc2635ac84ea29bfe3c0
21:49:46.936 [main] INFO tc.postgres:17.10-alpine -- Container postgres:17.10-alpine started in PT2.020198573S
21:49:46.936 [main] INFO tc.postgres:17.10-alpine -- Container is started (JDBC URL: jdbc:postgresql://localhost:32796/order_db?loggerLevel=OFF)

  .   ____          _            __ _ _
 /\\ / ___'_ __ _ _(_)_ __  __ _ \ \ \ \
( ( )\___ | '_ | '_| | '_ \/ _` | \ \ \ \
 \\/  ___)| |_)| | | | | || (_| |  ) ) ) )
  '  |____| .__|_| |_|_| |_\__, | / / / /
 =========|_|==============|___/=/_/_/_/

 :: Spring Boot ::                (v4.0.7)

2026-08-19T21:49:47.387-03:00  INFO 688422 --- [order] [           main] com.market.order.OrderApplicationTests   : Starting OrderApplicationTests using Java 21.0.11 with PID 688422 (started by wolf in /home/wolf/Documentos/desenvolvimento/market/order)
2026-08-19T21:49:47.390-03:00  INFO 688422 --- [order] [           main] com.market.order.OrderApplicationTests   : No active profile set, falling back to 1 default profile: "default"
2026-08-19T21:49:48.764-03:00  INFO 688422 --- [order] [           main] .s.d.r.c.RepositoryConfigurationDelegate : Bootstrapping Spring Data JPA repositories in DEFAULT mode.
2026-08-19T21:49:48.842-03:00  INFO 688422 --- [order] [           main] .s.d.r.c.RepositoryConfigurationDelegate : Finished Spring Data repository scanning in 62 ms. Found 1 JPA repository interface.
2026-08-19T21:49:49.930-03:00  INFO 688422 --- [order] [           main] org.flywaydb.core.FlywayExecutor         : Database: jdbc:postgresql://localhost:32796/order_db?loggerLevel=OFF (PostgreSQL 17.10)
2026-08-19T21:49:49.997-03:00  INFO 688422 --- [order] [           main] o.f.c.i.s.JdbcTableSchemaHistory         : Schema history table "public"."flyway_schema_history" does not exist yet
2026-08-19T21:49:50.002-03:00  INFO 688422 --- [order] [           main] o.f.core.internal.command.DbValidate     : Successfully validated 4 migrations (execution time 00:00.033s)
2026-08-19T21:49:50.034-03:00  INFO 688422 --- [order] [           main] o.f.c.i.s.JdbcTableSchemaHistory         : Creating Schema History table "public"."flyway_schema_history" ...
2026-08-19T21:49:50.159-03:00  INFO 688422 --- [order] [           main] o.f.core.internal.command.DbMigrate      : Current version of schema "public": << Empty Schema >>
2026-08-19T21:49:50.181-03:00  INFO 688422 --- [order] [           main] o.f.core.internal.command.DbMigrate      : Migrating schema "public" to version "1 - create orders and order items"
2026-08-19T21:49:50.253-03:00  INFO 688422 --- [order] [           main] o.f.core.internal.command.DbMigrate      : Migrating schema "public" to version "2 - insert sample order"
2026-08-19T21:49:50.275-03:00  INFO 688422 --- [order] [           main] o.f.core.internal.command.DbMigrate      : Migrating schema "public" to version "3 - support order creation and outbox"
2026-08-19T21:49:50.304-03:00  INFO 688422 --- [order] [           main] o.f.core.internal.command.DbMigrate      : Migrating schema "public" to version "4 - add outbox publishing retry"
2026-08-19T21:49:50.324-03:00  INFO 688422 --- [order] [           main] o.f.core.internal.command.DbMigrate      : Successfully applied 4 migrations to schema "public", now at version v4 (execution time 00:00.075s)
2026-08-19T21:49:50.465-03:00  INFO 688422 --- [order] [           main] org.hibernate.orm.jpa                    : HHH008540: Processing PersistenceUnitInfo [name: default]
2026-08-19T21:49:50.538-03:00  INFO 688422 --- [order] [           main] org.hibernate.orm.core                   : HHH000001: Hibernate ORM core version 7.2.19.Final
2026-08-19T21:49:50.934-03:00  INFO 688422 --- [order] [           main] o.s.o.j.p.SpringPersistenceUnitInfo      : No LoadTimeWeaver setup: ignoring JPA class transformer
2026-08-19T21:49:50.972-03:00  INFO 688422 --- [order] [           main] com.zaxxer.hikari.HikariDataSource       : HikariPool-1 - Starting...
2026-08-19T21:49:51.003-03:00  INFO 688422 --- [order] [           main] com.zaxxer.hikari.pool.HikariPool        : HikariPool-1 - Added connection org.postgresql.jdbc.PgConnection@201f0e84
2026-08-19T21:49:51.005-03:00  INFO 688422 --- [order] [           main] com.zaxxer.hikari.HikariDataSource       : HikariPool-1 - Start completed.
2026-08-19T21:49:51.089-03:00  INFO 688422 --- [order] [           main] org.hibernate.orm.connections.pooling    : HHH10001005: Database info:
	Database JDBC URL [jdbc:postgresql://localhost:32796/order_db?loggerLevel=OFF]
	Database driver: PostgreSQL JDBC Driver
	Database dialect: PostgreSQLDialect
	Database version: 17.10
	Default catalog/schema: order_db/public
	Autocommit mode: undefined/unknown
	Isolation level: READ_COMMITTED [default READ_COMMITTED]
	JDBC fetch size: none
	Pool: DataSourceConnectionProvider
	Minimum pool size: undefined/unknown
	Maximum pool size: undefined/unknown
2026-08-19T21:49:52.224-03:00  INFO 688422 --- [order] [           main] org.hibernate.orm.core                   : HHH000489: No JTA platform available (set 'hibernate.transaction.jta.platform' to enable JTA platform integration)
2026-08-19T21:49:52.292-03:00  INFO 688422 --- [order] [           main] j.LocalContainerEntityManagerFactoryBean : Initialized JPA EntityManagerFactory for persistence unit 'default'
2026-08-19T21:49:52.404-03:00  INFO 688422 --- [order] [           main] o.s.d.j.r.query.QueryEnhancerFactories   : Hibernate is in classpath; If applicable, HQL parser will be used.
2026-08-19T21:49:53.745-03:00  INFO 688422 --- [order] [           main] o.s.b.t.m.w.SpringBootMockServletContext : Initializing Spring TestDispatcherServlet ''
2026-08-19T21:49:53.746-03:00  INFO 688422 --- [order] [           main] o.s.t.web.servlet.TestDispatcherServlet  : Initializing Servlet ''
2026-08-19T21:49:53.749-03:00  INFO 688422 --- [order] [           main] o.s.t.web.servlet.TestDispatcherServlet  : Completed initialization in 3 ms
2026-08-19T21:49:53.823-03:00  INFO 688422 --- [order] [           main] com.market.order.OrderApplicationTests   : Started OrderApplicationTests in 6.85 seconds (process running for 14.955)
2026-08-19T21:49:53.828-03:00  WARN 688422 --- [order] [           main] o.s.core.events.SpringDocAppInitializer  : SpringDoc /v3/api-docs endpoint is enabled by default. To disable it in production, set the property 'springdoc.api-docs.enabled=false'
2026-08-19T21:49:53.828-03:00  WARN 688422 --- [order] [           main] o.s.core.events.SpringDocAppInitializer  : SpringDoc /swagger-ui.html endpoint is enabled by default. To disable it in production, set the property 'springdoc.swagger-ui.enabled=false'
]]></system-out>
  </testcase>
  <testcase name="shouldApplyMigrationsAndLoadPersistedOrder" classname="com.market.order.OrderApplicationTests" time="0.116"/>
  <testcase name="shouldPersistNewOrderAndOutboxEventInTheSameFlow" classname="com.market.order.OrderApplicationTests" time="0.131"/>
  <testcase name="shouldExposeSwaggerUi" classname="com.market.order.OrderApplicationTests" time="0.085"/>
  <testcase name="shouldRejectProductNameAndPriceInCreationContract" classname="com.market.order.OrderApplicationTests" time="0.104"/>
  <testcase name="shouldExposeOpenApiContractInJsonAndYaml" classname="com.market.order.OrderApplicationTests" time="0.608">
    <system-out><![CDATA[2026-08-19T21:49:54.917-03:00  INFO 688422 --- [order] [           main] o.springdoc.api.AbstractOpenApiResource  : Init duration for springdoc-openapi is: 423 ms
]]></system-out>
  </testcase>
</testsuite>